{
  "RSpec": {
    "coverage": {
      "/Users/tanjiro/Desktop/Ruby_Learning/3Mod/projects/lunch-and-learn/config/environment.rb": {
        "lines": [
          null,
          1,
          null,
          null,
          1
        ]
      },
      "/Users/tanjiro/Desktop/Ruby_Learning/3Mod/projects/lunch-and-learn/config/application.rb": {
        "lines": [
          1,
          null,
          1,
          null,
          1,
          1,
          1,
          1,
          1,
          1,
          1,
          1,
          null,
          null,
          null,
          null,
          null,
          1,
          null,
          1,
          1,
          null,
          1,
          null,
          null,
          null,
          null,
          null,
          null,
          null,
          null,
          null,
          1,
          null,
          null
        ]
      },
      "/Users/tanjiro/Desktop/Ruby_Learning/3Mod/projects/lunch-and-learn/config/boot.rb": {
        "lines": [
          1,
          null,
          1,
          1
        ]
      },
      "/Users/tanjiro/Desktop/Ruby_Learning/3Mod/projects/lunch-and-learn/config/environments/test.rb": {
        "lines": [
          1,
          null,
          null,
          null,
          null,
          null,
          null,
          1,
          null,
          null,
          null,
          null,
          1,
          null,
          null,
          1,
          1,
          null,
          null,
          null,
          null,
          1,
          1,
          null,
          null,
          1,
          null,
          null,
          1,
          null,
          null,
          1,
          null,
          1,
          null,
          null,
          null,
          null,
          1,
          null,
          null,
          1,
          null,
          null,
          null,
          null
        ]
      },
      "/Users/tanjiro/Desktop/Ruby_Learning/3Mod/projects/lunch-and-learn/config/initializers/application_controller_renderer.rb": {
        "lines": [
          null,
          null,
          null,
          null,
          null,
          null,
          null,
          null
        ]
      },
      "/Users/tanjiro/Desktop/Ruby_Learning/3Mod/projects/lunch-and-learn/config/initializers/backtrace_silencers.rb": {
        "lines": [
          null,
          null,
          null,
          null,
          null,
          null,
          null
        ]
      },
      "/Users/tanjiro/Desktop/Ruby_Learning/3Mod/projects/lunch-and-learn/config/initializers/cors.rb": {
        "lines": [
          null,
          null,
          null,
          null,
          null,
          null,
          null,
          null,
          null,
          null,
          null,
          null,
          null,
          null,
          null,
          null
        ]
      },
      "/Users/tanjiro/Desktop/Ruby_Learning/3Mod/projects/lunch-and-learn/config/initializers/country_regions.rb": {
        "lines": [
          1,
          null,
          1,
          0,
          null,
          null,
          null
        ]
      },
      "/Users/tanjiro/Desktop/Ruby_Learning/3Mod/projects/lunch-and-learn/config/initializers/filter_parameter_logging.rb": {
        "lines": [
          null,
          null,
          null,
          1
        ]
      },
      "/Users/tanjiro/Desktop/Ruby_Learning/3Mod/projects/lunch-and-learn/config/initializers/inflections.rb": {
        "lines": [
          null,
          null,
          null,
          null,
          null,
          null,
          null,
          null,
          null,
          null,
          null,
          null,
          null,
          null,
          null,
          null
        ]
      },
      "/Users/tanjiro/Desktop/Ruby_Learning/3Mod/projects/lunch-and-learn/config/initializers/mime_types.rb": {
        "lines": [
          null,
          null,
          null,
          null
        ]
      },
      "/Users/tanjiro/Desktop/Ruby_Learning/3Mod/projects/lunch-and-learn/config/initializers/wrap_parameters.rb": {
        "lines": [
          null,
          null,
          null,
          null,
          null,
          null,
          1,
          2,
          null,
          null,
          null,
          null,
          null,
          null
        ]
      },
      "/Users/tanjiro/Desktop/Ruby_Learning/3Mod/projects/lunch-and-learn/spec/factories/users.rb": {
        "lines": [
          1,
          1,
          2,
          2,
          null,
          null
        ]
      },
      "/Users/tanjiro/Desktop/Ruby_Learning/3Mod/projects/lunch-and-learn/config/routes.rb": {
        "lines": [
          1,
          null,
          null,
          1,
          1,
          1,
          1,
          1,
          1,
          null,
          null,
          null
        ]
      },
      "/Users/tanjiro/Desktop/Ruby_Learning/3Mod/projects/lunch-and-learn/app/models/user.rb": {
        "lines": [
          1,
          1,
          1,
          1,
          null,
          1,
          1,
          null,
          1,
          null,
          1,
          null,
          1,
          1,
          1,
          1,
          null,
          null,
          null,
          null
        ]
      },
      "/Users/tanjiro/Desktop/Ruby_Learning/3Mod/projects/lunch-and-learn/app/models/application_record.rb": {
        "lines": [
          1,
          1,
          null
        ]
      },
      "/Users/tanjiro/Desktop/Ruby_Learning/3Mod/projects/lunch-and-learn/app/controllers/api/v1/recipes_controller.rb": {
        "lines": [
          1,
          null,
          1,
          1,
          0,
          0,
          0,
          0,
          null,
          0,
          null,
          null,
          1,
          1,
          null,
          null,
          null,
          null
        ]
      },
      "/Users/tanjiro/Desktop/Ruby_Learning/3Mod/projects/lunch-and-learn/app/controllers/application_controller.rb": {
        "lines": [
          1,
          null
        ]
      },
      "/Users/tanjiro/Desktop/Ruby_Learning/3Mod/projects/lunch-and-learn/app/facades/recipe_facade.rb": {
        "lines": [
          1,
          null,
          1,
          1,
          1,
          10,
          null,
          null,
          null,
          null
        ]
      },
      "/Users/tanjiro/Desktop/Ruby_Learning/3Mod/projects/lunch-and-learn/app/services/edamam_service.rb": {
        "lines": [
          1,
          null,
          1,
          1,
          1,
          1,
          null,
          1,
          null,
          null,
          1,
          null,
          1,
          1,
          null,
          null,
          1,
          1,
          1,
          1,
          null,
          null,
          null
        ]
      },
      "/Users/tanjiro/Desktop/Ruby_Learning/3Mod/projects/lunch-and-learn/app/poros/recipe.rb": {
        "lines": [
          1,
          1,
          null,
          null,
          null,
          null,
          1,
          10,
          10,
          10,
          10,
          null,
          null
        ]
      },
      "/Users/tanjiro/Desktop/Ruby_Learning/3Mod/projects/lunch-and-learn/app/serializers/recipe_serializer.rb": {
        "lines": [
          1,
          null,
          1,
          null,
          1,
          null,
          10,
          null,
          null,
          null,
          null,
          null,
          null,
          null,
          null,
          null,
          null,
          null,
          null,
          null
        ]
      },
      "/Users/tanjiro/Desktop/Ruby_Learning/3Mod/projects/lunch-and-learn/app/controllers/api/v1/favorites_controller.rb": {
        "lines": [
          1,
          null,
          1,
          1,
          1,
          1,
          null,
          0,
          null,
          null,
          null,
          1,
          null,
          1,
          1,
          null,
          null,
          null
        ]
      },
      "/Users/tanjiro/Desktop/Ruby_Learning/3Mod/projects/lunch-and-learn/app/models/favorite.rb": {
        "lines": [
          1,
          1,
          null,
          null
        ]
      }
    },
    "timestamp": 1668606448
  }
}
